<?xml version="1.0" encoding="UTF-8" standalone="no"?>
<!DOCTYPE log SYSTEM "logger.dtd">
<log>
<record>
  <date>2017-05-21T21:47:04</date>
  <millis>1495396024045</millis>
  <sequence>13</sequence>
  <logger>cz.cvut.fel.coursework.SERVER.RestartServer</logger>
  <level>INFO</level>
  <class>cz.cvut.fel.coursework.SERVER.RestartServer</class>
  <method>run</method>
  <thread>25</thread>
  <message>Restarting server...</message>
</record>
<record>
  <date>2017-05-21T21:47:04</date>
  <millis>1495396024045</millis>
  <sequence>15</sequence>
  <logger>cz.cvut.fel.coursework.SERVER.RestartServer</logger>
  <level>INFO</level>
  <class>cz.cvut.fel.coursework.SERVER.RestartServer</class>
  <method>run</method>
  <thread>25</thread>
  <message>Server stopped.</message>
</record>
</log>
