<?xml version="1.0" encoding="UTF-8" standalone="no"?>
<!DOCTYPE log SYSTEM "logger.dtd">
<log>
<record>
  <date>2017-05-21T21:46:54</date>
  <millis>1495396014388</millis>
  <sequence>0</sequence>
  <logger>cz.cvut.fel.coursework.Controller</logger>
  <level>INFO</level>
  <class>cz.cvut.fel.coursework.Controller</class>
  <method>setAppDirectory</method>
  <thread>1</thread>
  <message>Program's directory was set to: /Users/Anastasia/NotificationDisplayer</message>
</record>
<record>
  <date>2017-05-21T21:46:54</date>
  <millis>1495396014410</millis>
  <sequence>1</sequence>
  <logger>cz.cvut.fel.coursework.Controller</logger>
  <level>INFO</level>
  <class>cz.cvut.fel.coursework.Controller</class>
  <method>setPathToImage</method>
  <thread>1</thread>
  <message>Path to image was set to: /Users/Anastasia/NotificationDisplayer/qr.png</message>
</record>
<record>
  <date>2017-05-21T21:46:54</date>
  <millis>1495396014413</millis>
  <sequence>2</sequence>
  <logger>cz.cvut.fel.coursework.Controller</logger>
  <level>INFO</level>
  <class>cz.cvut.fel.coursework.Controller</class>
  <method>setIP</method>
  <thread>1</thread>
  <message>IP address was detected as: 192.168.1.3</message>
</record>
<record>
  <date>2017-05-21T21:46:54</date>
  <millis>1495396014756</millis>
  <sequence>5</sequence>
  <logger>cz.cvut.fel.coursework.Controller</logger>
  <level>INFO</level>
  <class>cz.cvut.fel.coursework.Controller</class>
  <method>saveQR</method>
  <thread>1</thread>
  <message>Image with QR code was saved.</message>
</record>
<record>
  <date>2017-05-21T21:46:58</date>
  <millis>1495396018297</millis>
  <sequence>6</sequence>
  <logger>cz.cvut.fel.coursework.Controller</logger>
  <level>INFO</level>
  <class>cz.cvut.fel.coursework.Controller</class>
  <method>initializeGUI</method>
  <thread>1</thread>
  <message>GUI was initialized.</message>
</record>
<record>
  <date>2017-05-21T21:47:04</date>
  <millis>1495396024089</millis>
  <sequence>19</sequence>
  <logger>cz.cvut.fel.coursework.Controller</logger>
  <level>INFO</level>
  <class>cz.cvut.fel.coursework.Controller</class>
  <method>saveQR</method>
  <thread>17</thread>
  <message>Image with QR code was saved.</message>
</record>
</log>
